<?xml version="1.0" encoding="UTF-8"?>
<!-- Generated by org.testng.reporters.JUnitXMLReporter -->
<testsuite hostname="Xhulio" name="Command line test" tests="3" failures="0" timestamp="26 Oct 2016 16:46:27 GMT" time="2.65" errors="0">
  <testcase name="testCreateAndFind" time="0.122" classname="com.icompete.dao.SportDaoTest"/>
  <testcase name="testDelete" time="0.023" classname="com.icompete.dao.SportDaoTest"/>
  <testcase name="testUpdate" time="0.022" classname="com.icompete.dao.SportDaoTest"/>
</testsuite> <!-- Command line test -->
