<?xml version="1.0" encoding="UTF-8"?>
<!-- Generated by org.testng.reporters.JUnitXMLReporter -->
<testsuite hostname="Xhulio" name="Command line test" tests="11" failures="0" timestamp="26 Oct 2016 17:06:25 GMT" time="2.919" errors="0">
  <testcase name="testCreateAndFind" time="0.26" classname="com.icompete.dao.EventDaoTest"/>
  <testcase name="testDelete" time="0.035" classname="com.icompete.dao.EventDaoTest"/>
  <testcase name="testRuleInsertion" time="0.016" classname="com.icompete.dao.EventDaoTest"/>
  <testcase name="testUpdate" time="0.033" classname="com.icompete.dao.EventDaoTest"/>
  <testcase name="testCreateAndFind" time="0.024" classname="com.icompete.dao.RuleDaoTest"/>
  <testcase name="testDelete" time="0.017" classname="com.icompete.dao.RuleDaoTest"/>
  <testcase name="testEventInsertion" time="0.012" classname="com.icompete.dao.RuleDaoTest"/>
  <testcase name="testUpdate" time="0.03" classname="com.icompete.dao.RuleDaoTest"/>
  <testcase name="testCreateAndFind" time="0.022" classname="com.icompete.dao.SportDaoTest"/>
  <testcase name="testDelete" time="0.017" classname="com.icompete.dao.SportDaoTest"/>
  <testcase name="testUpdate" time="0.023" classname="com.icompete.dao.SportDaoTest"/>
</testsuite> <!-- Command line test -->
