<?xml version="1.0" encoding="UTF-8"?>
<!-- Generated by org.testng.reporters.JUnitXMLReporter -->
<testsuite hostname="Xhulio" name="Command line test" tests="4" failures="0" timestamp="26 Oct 2016 16:27:24 GMT" time="2.76" errors="0">
  <testcase name="testCreateAndFind" time="0.252" classname="com.icompete.dao.EventDaoTest"/>
  <testcase name="testDelete" time="0.032" classname="com.icompete.dao.EventDaoTest"/>
  <testcase name="testRuleInsertion" time="0.013" classname="com.icompete.dao.EventDaoTest"/>
  <testcase name="testUpdate" time="0.027" classname="com.icompete.dao.EventDaoTest"/>
</testsuite> <!-- Command line test -->
