<?xml version="1.0" encoding="UTF-8"?>
<testng-results skipped="0" failed="0" total="11" passed="11">
  <reporter-output>
  </reporter-output>
  <suite name="Command line suite" duration-ms="2919" started-at="2016-10-26T17:06:23Z" finished-at="2016-10-26T17:06:25Z">
    <groups>
    </groups>
    <test name="Command line test" duration-ms="2919" started-at="2016-10-26T17:06:23Z" finished-at="2016-10-26T17:06:25Z">
      <class name="com.icompete.dao.EventDaoTest">
        <test-method status="PASS" signature="springTestContextBeforeTestClass()[pri:0, instance:com.icompete.dao.EventDaoTest@6121c9d6]" name="springTestContextBeforeTestClass" is-config="true" duration-ms="7" started-at="2016-10-26T19:06:23Z" finished-at="2016-10-26T19:06:23Z">
          <reporter-output>
          </reporter-output>
        </test-method> <!-- springTestContextBeforeTestClass -->
        <test-method status="PASS" signature="springTestContextPrepareTestInstance()[pri:0, instance:com.icompete.dao.EventDaoTest@6121c9d6]" name="springTestContextPrepareTestInstance" is-config="true" duration-ms="2388" started-at="2016-10-26T19:06:23Z" depends-on-methods="org.springframework.test.context.testng.AbstractTestNGSpringContextTests.springTestContextBeforeTestClass" finished-at="2016-10-26T19:06:25Z">
          <reporter-output>
          </reporter-output>
        </test-method> <!-- springTestContextPrepareTestInstance -->
        <test-method status="PASS" signature="springTestContextBeforeTestMethod(java.lang.reflect.Method)[pri:0, instance:com.icompete.dao.EventDaoTest@6121c9d6]" name="springTestContextBeforeTestMethod" is-config="true" duration-ms="1" started-at="2016-10-26T19:06:25Z" finished-at="2016-10-26T19:06:25Z">
          <params>
            <param index="0">
              <value>
                <![CDATA[public void com.icompete.dao.EventDaoTest.testCreateAndFind()]]>
              </value>
            </param>
          </params>
          <reporter-output>
          </reporter-output>
        </test-method> <!-- springTestContextBeforeTestMethod -->
        <test-method status="PASS" signature="testCreateAndFind()[pri:0, instance:com.icompete.dao.EventDaoTest@6121c9d6]" name="testCreateAndFind" duration-ms="260" started-at="2016-10-26T19:06:25Z" finished-at="2016-10-26T19:06:25Z">
          <reporter-output>
          </reporter-output>
        </test-method> <!-- testCreateAndFind -->
        <test-method status="PASS" signature="springTestContextAfterTestMethod(java.lang.reflect.Method)[pri:0, instance:com.icompete.dao.EventDaoTest@6121c9d6]" name="springTestContextAfterTestMethod" is-config="true" duration-ms="2" started-at="2016-10-26T19:06:25Z" finished-at="2016-10-26T19:06:25Z">
          <params>
            <param index="0">
              <value>
                <![CDATA[public void com.icompete.dao.EventDaoTest.testCreateAndFind()]]>
              </value>
            </param>
          </params>
          <reporter-output>
          </reporter-output>
        </test-method> <!-- springTestContextAfterTestMethod -->
        <test-method status="PASS" signature="testDelete()[pri:0, instance:com.icompete.dao.EventDaoTest@6121c9d6]" name="testDelete" duration-ms="35" started-at="2016-10-26T19:06:25Z" finished-at="2016-10-26T19:06:25Z">
          <reporter-output>
          </reporter-output>
        </test-method> <!-- testDelete -->
        <test-method status="PASS" signature="springTestContextBeforeTestMethod(java.lang.reflect.Method)[pri:0, instance:com.icompete.dao.EventDaoTest@6121c9d6]" name="springTestContextBeforeTestMethod" is-config="true" duration-ms="0" started-at="2016-10-26T19:06:25Z" finished-at="2016-10-26T19:06:25Z">
          <params>
            <param index="0">
              <value>
                <![CDATA[public void com.icompete.dao.EventDaoTest.testDelete()]]>
              </value>
            </param>
          </params>
          <reporter-output>
          </reporter-output>
        </test-method> <!-- springTestContextBeforeTestMethod -->
        <test-method status="PASS" signature="springTestContextBeforeTestMethod(java.lang.reflect.Method)[pri:0, instance:com.icompete.dao.EventDaoTest@6121c9d6]" name="springTestContextBeforeTestMethod" is-config="true" duration-ms="1" started-at="2016-10-26T19:06:25Z" finished-at="2016-10-26T19:06:25Z">
          <params>
            <param index="0">
              <value>
                <![CDATA[public void com.icompete.dao.EventDaoTest.testRuleInsertion()]]>
              </value>
            </param>
          </params>
          <reporter-output>
          </reporter-output>
        </test-method> <!-- springTestContextBeforeTestMethod -->
        <test-method status="PASS" signature="springTestContextAfterTestMethod(java.lang.reflect.Method)[pri:0, instance:com.icompete.dao.EventDaoTest@6121c9d6]" name="springTestContextAfterTestMethod" is-config="true" duration-ms="0" started-at="2016-10-26T19:06:25Z" finished-at="2016-10-26T19:06:25Z">
          <params>
            <param index="0">
              <value>
                <![CDATA[public void com.icompete.dao.EventDaoTest.testDelete()]]>
              </value>
            </param>
          </params>
          <reporter-output>
          </reporter-output>
        </test-method> <!-- springTestContextAfterTestMethod -->
        <test-method status="PASS" signature="testRuleInsertion()[pri:0, instance:com.icompete.dao.EventDaoTest@6121c9d6]" name="testRuleInsertion" duration-ms="16" started-at="2016-10-26T19:06:25Z" finished-at="2016-10-26T19:06:25Z">
          <reporter-output>
          </reporter-output>
        </test-method> <!-- testRuleInsertion -->
        <test-method status="PASS" signature="springTestContextBeforeTestMethod(java.lang.reflect.Method)[pri:0, instance:com.icompete.dao.EventDaoTest@6121c9d6]" name="springTestContextBeforeTestMethod" is-config="true" duration-ms="0" started-at="2016-10-26T19:06:25Z" finished-at="2016-10-26T19:06:25Z">
          <params>
            <param index="0">
              <value>
                <![CDATA[public void com.icompete.dao.EventDaoTest.testUpdate()]]>
              </value>
            </param>
          </params>
          <reporter-output>
          </reporter-output>
        </test-method> <!-- springTestContextBeforeTestMethod -->
        <test-method status="PASS" signature="testUpdate()[pri:0, instance:com.icompete.dao.EventDaoTest@6121c9d6]" name="testUpdate" duration-ms="33" started-at="2016-10-26T19:06:25Z" finished-at="2016-10-26T19:06:25Z">
          <reporter-output>
          </reporter-output>
        </test-method> <!-- testUpdate -->
        <test-method status="PASS" signature="springTestContextAfterTestMethod(java.lang.reflect.Method)[pri:0, instance:com.icompete.dao.EventDaoTest@6121c9d6]" name="springTestContextAfterTestMethod" is-config="true" duration-ms="0" started-at="2016-10-26T19:06:25Z" finished-at="2016-10-26T19:06:25Z">
          <params>
            <param index="0">
              <value>
                <![CDATA[public void com.icompete.dao.EventDaoTest.testRuleInsertion()]]>
              </value>
            </param>
          </params>
          <reporter-output>
          </reporter-output>
        </test-method> <!-- springTestContextAfterTestMethod -->
        <test-method status="PASS" signature="springTestContextAfterTestMethod(java.lang.reflect.Method)[pri:0, instance:com.icompete.dao.EventDaoTest@6121c9d6]" name="springTestContextAfterTestMethod" is-config="true" duration-ms="0" started-at="2016-10-26T19:06:25Z" finished-at="2016-10-26T19:06:25Z">
          <params>
            <param index="0">
              <value>
                <![CDATA[public void com.icompete.dao.EventDaoTest.testUpdate()]]>
              </value>
            </param>
          </params>
          <reporter-output>
          </reporter-output>
        </test-method> <!-- springTestContextAfterTestMethod -->
        <test-method status="PASS" signature="springTestContextAfterTestClass()[pri:0, instance:com.icompete.dao.EventDaoTest@6121c9d6]" name="springTestContextAfterTestClass" is-config="true" duration-ms="0" started-at="2016-10-26T19:06:25Z" finished-at="2016-10-26T19:06:25Z">
          <reporter-output>
          </reporter-output>
        </test-method> <!-- springTestContextAfterTestClass -->
      </class> <!-- com.icompete.dao.EventDaoTest -->
      <class name="com.icompete.dao.RuleDaoTest">
        <test-method status="PASS" signature="springTestContextPrepareTestInstance()[pri:0, instance:com.icompete.dao.RuleDaoTest@757942a1]" name="springTestContextPrepareTestInstance" is-config="true" duration-ms="3" started-at="2016-10-26T19:06:25Z" depends-on-methods="org.springframework.test.context.testng.AbstractTestNGSpringContextTests.springTestContextBeforeTestClass" finished-at="2016-10-26T19:06:25Z">
          <reporter-output>
          </reporter-output>
        </test-method> <!-- springTestContextPrepareTestInstance -->
        <test-method status="PASS" signature="springTestContextBeforeTestClass()[pri:0, instance:com.icompete.dao.RuleDaoTest@757942a1]" name="springTestContextBeforeTestClass" is-config="true" duration-ms="0" started-at="2016-10-26T19:06:25Z" finished-at="2016-10-26T19:06:25Z">
          <reporter-output>
          </reporter-output>
        </test-method> <!-- springTestContextBeforeTestClass -->
        <test-method status="PASS" signature="testCreateAndFind()[pri:0, instance:com.icompete.dao.RuleDaoTest@757942a1]" name="testCreateAndFind" duration-ms="24" started-at="2016-10-26T19:06:25Z" finished-at="2016-10-26T19:06:25Z">
          <reporter-output>
          </reporter-output>
        </test-method> <!-- testCreateAndFind -->
        <test-method status="PASS" signature="springTestContextBeforeTestMethod(java.lang.reflect.Method)[pri:0, instance:com.icompete.dao.RuleDaoTest@757942a1]" name="springTestContextBeforeTestMethod" is-config="true" duration-ms="0" started-at="2016-10-26T19:06:25Z" finished-at="2016-10-26T19:06:25Z">
          <params>
            <param index="0">
              <value>
                <![CDATA[public void com.icompete.dao.RuleDaoTest.testCreateAndFind()]]>
              </value>
            </param>
          </params>
          <reporter-output>
          </reporter-output>
        </test-method> <!-- springTestContextBeforeTestMethod -->
        <test-method status="PASS" signature="springTestContextAfterTestMethod(java.lang.reflect.Method)[pri:0, instance:com.icompete.dao.RuleDaoTest@757942a1]" name="springTestContextAfterTestMethod" is-config="true" duration-ms="0" started-at="2016-10-26T19:06:25Z" finished-at="2016-10-26T19:06:25Z">
          <params>
            <param index="0">
              <value>
                <![CDATA[public void com.icompete.dao.RuleDaoTest.testCreateAndFind()]]>
              </value>
            </param>
          </params>
          <reporter-output>
          </reporter-output>
        </test-method> <!-- springTestContextAfterTestMethod -->
        <test-method status="PASS" signature="testDelete()[pri:0, instance:com.icompete.dao.RuleDaoTest@757942a1]" name="testDelete" duration-ms="17" started-at="2016-10-26T19:06:25Z" finished-at="2016-10-26T19:06:25Z">
          <reporter-output>
          </reporter-output>
        </test-method> <!-- testDelete -->
        <test-method status="PASS" signature="springTestContextBeforeTestMethod(java.lang.reflect.Method)[pri:0, instance:com.icompete.dao.RuleDaoTest@757942a1]" name="springTestContextBeforeTestMethod" is-config="true" duration-ms="0" started-at="2016-10-26T19:06:25Z" finished-at="2016-10-26T19:06:25Z">
          <params>
            <param index="0">
              <value>
                <![CDATA[public void com.icompete.dao.RuleDaoTest.testDelete()]]>
              </value>
            </param>
          </params>
          <reporter-output>
          </reporter-output>
        </test-method> <!-- springTestContextBeforeTestMethod -->
        <test-method status="PASS" signature="springTestContextAfterTestMethod(java.lang.reflect.Method)[pri:0, instance:com.icompete.dao.RuleDaoTest@757942a1]" name="springTestContextAfterTestMethod" is-config="true" duration-ms="1" started-at="2016-10-26T19:06:25Z" finished-at="2016-10-26T19:06:25Z">
          <params>
            <param index="0">
              <value>
                <![CDATA[public void com.icompete.dao.RuleDaoTest.testDelete()]]>
              </value>
            </param>
          </params>
          <reporter-output>
          </reporter-output>
        </test-method> <!-- springTestContextAfterTestMethod -->
        <test-method status="PASS" signature="springTestContextBeforeTestMethod(java.lang.reflect.Method)[pri:0, instance:com.icompete.dao.RuleDaoTest@757942a1]" name="springTestContextBeforeTestMethod" is-config="true" duration-ms="0" started-at="2016-10-26T19:06:25Z" finished-at="2016-10-26T19:06:25Z">
          <params>
            <param index="0">
              <value>
                <![CDATA[public void com.icompete.dao.RuleDaoTest.testEventInsertion()]]>
              </value>
            </param>
          </params>
          <reporter-output>
          </reporter-output>
        </test-method> <!-- springTestContextBeforeTestMethod -->
        <test-method status="PASS" signature="testEventInsertion()[pri:0, instance:com.icompete.dao.RuleDaoTest@757942a1]" name="testEventInsertion" duration-ms="12" started-at="2016-10-26T19:06:25Z" finished-at="2016-10-26T19:06:25Z">
          <reporter-output>
          </reporter-output>
        </test-method> <!-- testEventInsertion -->
        <test-method status="PASS" signature="springTestContextAfterTestMethod(java.lang.reflect.Method)[pri:0, instance:com.icompete.dao.RuleDaoTest@757942a1]" name="springTestContextAfterTestMethod" is-config="true" duration-ms="1" started-at="2016-10-26T19:06:25Z" finished-at="2016-10-26T19:06:25Z">
          <params>
            <param index="0">
              <value>
                <![CDATA[public void com.icompete.dao.RuleDaoTest.testEventInsertion()]]>
              </value>
            </param>
          </params>
          <reporter-output>
          </reporter-output>
        </test-method> <!-- springTestContextAfterTestMethod -->
        <test-method status="PASS" signature="testUpdate()[pri:0, instance:com.icompete.dao.RuleDaoTest@757942a1]" name="testUpdate" duration-ms="30" started-at="2016-10-26T19:06:25Z" finished-at="2016-10-26T19:06:25Z">
          <reporter-output>
          </reporter-output>
        </test-method> <!-- testUpdate -->
        <test-method status="PASS" signature="springTestContextBeforeTestMethod(java.lang.reflect.Method)[pri:0, instance:com.icompete.dao.RuleDaoTest@757942a1]" name="springTestContextBeforeTestMethod" is-config="true" duration-ms="0" started-at="2016-10-26T19:06:25Z" finished-at="2016-10-26T19:06:25Z">
          <params>
            <param index="0">
              <value>
                <![CDATA[public void com.icompete.dao.RuleDaoTest.testUpdate()]]>
              </value>
            </param>
          </params>
          <reporter-output>
          </reporter-output>
        </test-method> <!-- springTestContextBeforeTestMethod -->
        <test-method status="PASS" signature="springTestContextAfterTestClass()[pri:0, instance:com.icompete.dao.RuleDaoTest@757942a1]" name="springTestContextAfterTestClass" is-config="true" duration-ms="2" started-at="2016-10-26T19:06:25Z" finished-at="2016-10-26T19:06:25Z">
          <reporter-output>
          </reporter-output>
        </test-method> <!-- springTestContextAfterTestClass -->
        <test-method status="PASS" signature="springTestContextAfterTestMethod(java.lang.reflect.Method)[pri:0, instance:com.icompete.dao.RuleDaoTest@757942a1]" name="springTestContextAfterTestMethod" is-config="true" duration-ms="0" started-at="2016-10-26T19:06:25Z" finished-at="2016-10-26T19:06:25Z">
          <params>
            <param index="0">
              <value>
                <![CDATA[public void com.icompete.dao.RuleDaoTest.testUpdate()]]>
              </value>
            </param>
          </params>
          <reporter-output>
          </reporter-output>
        </test-method> <!-- springTestContextAfterTestMethod -->
      </class> <!-- com.icompete.dao.RuleDaoTest -->
      <class name="com.icompete.dao.SportDaoTest">
        <test-method status="PASS" signature="springTestContextBeforeTestClass()[pri:0, instance:com.icompete.dao.SportDaoTest@66d1af89]" name="springTestContextBeforeTestClass" is-config="true" duration-ms="0" started-at="2016-10-26T19:06:25Z" finished-at="2016-10-26T19:06:25Z">
          <reporter-output>
          </reporter-output>
        </test-method> <!-- springTestContextBeforeTestClass -->
        <test-method status="PASS" signature="springTestContextPrepareTestInstance()[pri:0, instance:com.icompete.dao.SportDaoTest@66d1af89]" name="springTestContextPrepareTestInstance" is-config="true" duration-ms="4" started-at="2016-10-26T19:06:25Z" depends-on-methods="org.springframework.test.context.testng.AbstractTestNGSpringContextTests.springTestContextBeforeTestClass" finished-at="2016-10-26T19:06:25Z">
          <reporter-output>
          </reporter-output>
        </test-method> <!-- springTestContextPrepareTestInstance -->
        <test-method status="PASS" signature="testCreateAndFind()[pri:0, instance:com.icompete.dao.SportDaoTest@66d1af89]" name="testCreateAndFind" duration-ms="22" started-at="2016-10-26T19:06:25Z" finished-at="2016-10-26T19:06:25Z">
          <reporter-output>
          </reporter-output>
        </test-method> <!-- testCreateAndFind -->
        <test-method status="PASS" signature="springTestContextBeforeTestMethod(java.lang.reflect.Method)[pri:0, instance:com.icompete.dao.SportDaoTest@66d1af89]" name="springTestContextBeforeTestMethod" is-config="true" duration-ms="0" started-at="2016-10-26T19:06:25Z" finished-at="2016-10-26T19:06:25Z">
          <params>
            <param index="0">
              <value>
                <![CDATA[public void com.icompete.dao.SportDaoTest.testCreateAndFind()]]>
              </value>
            </param>
          </params>
          <reporter-output>
          </reporter-output>
        </test-method> <!-- springTestContextBeforeTestMethod -->
        <test-method status="PASS" signature="springTestContextAfterTestMethod(java.lang.reflect.Method)[pri:0, instance:com.icompete.dao.SportDaoTest@66d1af89]" name="springTestContextAfterTestMethod" is-config="true" duration-ms="1" started-at="2016-10-26T19:06:25Z" finished-at="2016-10-26T19:06:25Z">
          <params>
            <param index="0">
              <value>
                <![CDATA[public void com.icompete.dao.SportDaoTest.testCreateAndFind()]]>
              </value>
            </param>
          </params>
          <reporter-output>
          </reporter-output>
        </test-method> <!-- springTestContextAfterTestMethod -->
        <test-method status="PASS" signature="testDelete()[pri:0, instance:com.icompete.dao.SportDaoTest@66d1af89]" name="testDelete" duration-ms="17" started-at="2016-10-26T19:06:25Z" finished-at="2016-10-26T19:06:25Z">
          <reporter-output>
          </reporter-output>
        </test-method> <!-- testDelete -->
        <test-method status="PASS" signature="springTestContextBeforeTestMethod(java.lang.reflect.Method)[pri:0, instance:com.icompete.dao.SportDaoTest@66d1af89]" name="springTestContextBeforeTestMethod" is-config="true" duration-ms="0" started-at="2016-10-26T19:06:25Z" finished-at="2016-10-26T19:06:25Z">
          <params>
            <param index="0">
              <value>
                <![CDATA[public void com.icompete.dao.SportDaoTest.testDelete()]]>
              </value>
            </param>
          </params>
          <reporter-output>
          </reporter-output>
        </test-method> <!-- springTestContextBeforeTestMethod -->
        <test-method status="PASS" signature="springTestContextAfterTestMethod(java.lang.reflect.Method)[pri:0, instance:com.icompete.dao.SportDaoTest@66d1af89]" name="springTestContextAfterTestMethod" is-config="true" duration-ms="0" started-at="2016-10-26T19:06:25Z" finished-at="2016-10-26T19:06:25Z">
          <params>
            <param index="0">
              <value>
                <![CDATA[public void com.icompete.dao.SportDaoTest.testDelete()]]>
              </value>
            </param>
          </params>
          <reporter-output>
          </reporter-output>
        </test-method> <!-- springTestContextAfterTestMethod -->
        <test-method status="PASS" signature="springTestContextBeforeTestMethod(java.lang.reflect.Method)[pri:0, instance:com.icompete.dao.SportDaoTest@66d1af89]" name="springTestContextBeforeTestMethod" is-config="true" duration-ms="0" started-at="2016-10-26T19:06:25Z" finished-at="2016-10-26T19:06:25Z">
          <params>
            <param index="0">
              <value>
                <![CDATA[public void com.icompete.dao.SportDaoTest.testUpdate()]]>
              </value>
            </param>
          </params>
          <reporter-output>
          </reporter-output>
        </test-method> <!-- springTestContextBeforeTestMethod -->
        <test-method status="PASS" signature="testUpdate()[pri:0, instance:com.icompete.dao.SportDaoTest@66d1af89]" name="testUpdate" duration-ms="23" started-at="2016-10-26T19:06:25Z" finished-at="2016-10-26T19:06:25Z">
          <reporter-output>
          </reporter-output>
        </test-method> <!-- testUpdate -->
        <test-method status="PASS" signature="springTestContextAfterTestMethod(java.lang.reflect.Method)[pri:0, instance:com.icompete.dao.SportDaoTest@66d1af89]" name="springTestContextAfterTestMethod" is-config="true" duration-ms="1" started-at="2016-10-26T19:06:25Z" finished-at="2016-10-26T19:06:25Z">
          <params>
            <param index="0">
              <value>
                <![CDATA[public void com.icompete.dao.SportDaoTest.testUpdate()]]>
              </value>
            </param>
          </params>
          <reporter-output>
          </reporter-output>
        </test-method> <!-- springTestContextAfterTestMethod -->
        <test-method status="PASS" signature="springTestContextAfterTestClass()[pri:0, instance:com.icompete.dao.SportDaoTest@66d1af89]" name="springTestContextAfterTestClass" is-config="true" duration-ms="0" started-at="2016-10-26T19:06:25Z" finished-at="2016-10-26T19:06:25Z">
          <reporter-output>
          </reporter-output>
        </test-method> <!-- springTestContextAfterTestClass -->
      </class> <!-- com.icompete.dao.SportDaoTest -->
    </test> <!-- Command line test -->
  </suite> <!-- Command line suite -->
</testng-results>
