<?xml version="1.0" encoding="UTF-8"?>
<!-- Generated by org.testng.reporters.JUnitXMLReporter -->
<testsuite hostname="Xhulio" name="Command line test" tests="4" failures="0" timestamp="26 Oct 2016 17:04:26 GMT" time="2.692" errors="0">
  <testcase name="testCreateAndFind" time="0.222" classname="com.icompete.dao.RuleDaoTest"/>
  <testcase name="testDelete" time="0.027" classname="com.icompete.dao.RuleDaoTest"/>
  <testcase name="testEventInsertion" time="0.022" classname="com.icompete.dao.RuleDaoTest"/>
  <testcase name="testUpdate" time="0.029" classname="com.icompete.dao.RuleDaoTest"/>
</testsuite> <!-- Command line test -->
